ft_loading/build/intermediates/manifest_merge_blame_file/debug/manifest-merger-blame-debug-report.txt
1<?xml version="1.0" encoding="utf-8"?>
2<manifest xmlns:android="http://schemas.android.com/apk/res/android"
3    package="com.wu.ft_loading"
4    android:versionCode="1"
5    android:versionName="1.0" >
6
7    <uses-sdk
8        android:minSdkVersion="19"
8-->src/main/AndroidManifest.xml
9        android:targetSdkVersion="29" />
9-->src/main/AndroidManifest.xml
10
11    <application
11-->src/main/AndroidManifest.xml:4:5-17:19
12        android:allowBackup="true"
12-->src/main/AndroidManifest.xml:5:9-35
13        android:label="@string/app_name" >
13-->src/main/AndroidManifest.xml:6:9-41
14        <activity android:name="com.wu.ft_loading.view.loading.LoadingActivity" >
14-->src/main/AndroidManifest.xml:8:9-15:20
14-->src/main/AndroidManifest.xml:8:19-63
15            <intent-filter>
15-->src/main/AndroidManifest.xml:9:13-14:29
16                <action android:name="android.intent.action.VIEW" />
16-->src/main/AndroidManifest.xml:10:17-69
16-->src/main/AndroidManifest.xml:10:25-66
17                <action android:name="android.intent.action.MAIN" />
17-->src/main/AndroidManifest.xml:11:17-69
17-->src/main/AndroidManifest.xml:11:25-66
18
19                <category android:name="android.intent.category.LAUNCHER" />
19-->src/main/AndroidManifest.xml:13:17-77
19-->src/main/AndroidManifest.xml:13:27-74
20            </intent-filter>
21        </activity>
22    </application>
23
24</manifest>